<?xml version="1.0" encoding="UTF-8"?>
<!-- Generated by org.testng.reporters.JUnitXMLReporter -->
<testsuite ignored="0" hostname="LAPTOP-0BLCE18E" failures="0" tests="3" name="Default test" time="148.214" errors="0" timestamp="2024-07-28T15:43:51 IST">
  <testcase classname="Redbus" name="redBusTicketBooking" time="49.567"/>
  <testcase classname="Redbus" name="redBusTicketBooking" time="49.162"/>
  <testcase classname="Redbus" name="redBusTicketBooking" time="48.866"/>
</testsuite> <!-- Default test -->
