<?xml version="1.0" encoding="UTF-8"?>
<!-- Generated by org.testng.reporters.JUnitXMLReporter -->
<testsuite ignored="0" hostname="LAPTOP-0BLCE18E" failures="3" tests="3" name="Test" time="4.575" errors="0" timestamp="2024-07-28T13:28:31 IST">
  <testcase classname="Redbus" name="redBusTicketBooking" time="3.898">
    <failure type="java.lang.NullPointerException">
      <![CDATA[java.lang.NullPointerException
at Redbus.redBusTicketBooking(Redbus.java:36)
at java.base/java.util.concurrent.FutureTask.run(FutureTask.java:264)
at java.base/java.util.concurrent.Executors$RunnableAdapter.call(Executors.java:515)
at java.base/java.util.concurrent.FutureTask.run(FutureTask.java:264)
at java.base/java.util.concurrent.ThreadPoolExecutor.runWorker(ThreadPoolExecutor.java:1128)
at java.base/java.util.concurrent.ThreadPoolExecutor$Worker.run(ThreadPoolExecutor.java:628)
at java.base/java.lang.Thread.run(Thread.java:829)
... Removed 9 stack frames]]>
    </failure>
  </testcase> <!-- redBusTicketBooking -->
  <testcase classname="Redbus" name="redBusTicketBooking" time="3.934">
    <failure type="java.lang.NullPointerException">
      <![CDATA[java.lang.NullPointerException
at Redbus.redBusTicketBooking(Redbus.java:36)
at java.base/java.util.concurrent.FutureTask.run(FutureTask.java:264)
at java.base/java.util.concurrent.Executors$RunnableAdapter.call(Executors.java:515)
at java.base/java.util.concurrent.FutureTask.run(FutureTask.java:264)
at java.base/java.util.concurrent.ThreadPoolExecutor.runWorker(ThreadPoolExecutor.java:1128)
at java.base/java.util.concurrent.ThreadPoolExecutor$Worker.run(ThreadPoolExecutor.java:628)
at java.base/java.lang.Thread.run(Thread.java:829)
... Removed 9 stack frames]]>
    </failure>
  </testcase> <!-- redBusTicketBooking -->
  <testcase classname="Redbus" name="redBusTicketBooking" time="3.952">
    <failure type="java.lang.NullPointerException">
      <![CDATA[java.lang.NullPointerException
at Redbus.redBusTicketBooking(Redbus.java:36)
at java.base/java.util.concurrent.FutureTask.run(FutureTask.java:264)
at java.base/java.util.concurrent.Executors$RunnableAdapter.call(Executors.java:515)
at java.base/java.util.concurrent.FutureTask.run(FutureTask.java:264)
at java.base/java.util.concurrent.ThreadPoolExecutor.runWorker(ThreadPoolExecutor.java:1128)
at java.base/java.util.concurrent.ThreadPoolExecutor$Worker.run(ThreadPoolExecutor.java:628)
at java.base/java.lang.Thread.run(Thread.java:829)
... Removed 9 stack frames]]>
    </failure>
  </testcase> <!-- redBusTicketBooking -->
</testsuite> <!-- Test -->
