<?xml version="1.0" encoding="UTF-8"?>
<testng-results ignored="0" total="3" passed="3" failed="0" skipped="0">
  <reporter-output>
  </reporter-output>
  <suite started-at="2024-07-28T15:41:23 IST" name="Default suite" finished-at="2024-07-28T15:43:51 IST" duration-ms="148214">
    <groups>
      <group name="Testscript">
        <method signature="Redbus.redBusTicketBooking(java.lang.String,java.lang.String,java.lang.String,java.lang.String,java.lang.String,java.lang.String,java.lang.String)[pri:0, instance:Redbus@47faa49c]" name="redBusTicketBooking" class="Redbus"/>
      </group> <!-- Testscript -->
    </groups>
    <test started-at="2024-07-28T15:41:23 IST" name="Default test" finished-at="2024-07-28T15:43:51 IST" duration-ms="148214">
      <class name="Redbus">
        <test-method signature="redBusTicketBooking(java.lang.String,java.lang.String,java.lang.String,java.lang.String,java.lang.String,java.lang.String,java.lang.String)[pri:0, instance:Redbus@47faa49c]" started-at="2024-07-28T15:41:23 IST" name="redBusTicketBooking" data-provider="getData" finished-at="2024-07-28T15:42:13 IST" duration-ms="49567" status="PASS">
          <params>
            <param index="0">
              <value>
                <![CDATA[Chennai]]>
              </value>
            </param>
            <param index="1">
              <value>
                <![CDATA[Bangalore]]>
              </value>
            </param>
            <param index="2">
              <value>
                <![CDATA[30]]>
              </value>
            </param>
            <param index="3">
              <value>
                <![CDATA[Vishnu Mohan]]>
              </value>
            </param>
            <param index="4">
              <value>
                <![CDATA[24]]>
              </value>
            </param>
            <param index="5">
              <value>
                <![CDATA[mohanvishnu14042000@gmail.com]]>
              </value>
            </param>
            <param index="6">
              <value>
                <![CDATA[8072468550]]>
              </value>
            </param>
          </params>
          <reporter-output>
          </reporter-output>
        </test-method> <!-- redBusTicketBooking -->
        <test-method signature="redBusTicketBooking(java.lang.String,java.lang.String,java.lang.String,java.lang.String,java.lang.String,java.lang.String,java.lang.String)[pri:0, instance:Redbus@47faa49c]" started-at="2024-07-28T15:42:13 IST" name="redBusTicketBooking" data-provider="getData" finished-at="2024-07-28T15:43:02 IST" duration-ms="49162" status="PASS">
          <params>
            <param index="0">
              <value>
                <![CDATA[Chennai]]>
              </value>
            </param>
            <param index="1">
              <value>
                <![CDATA[Trichy]]>
              </value>
            </param>
            <param index="2">
              <value>
                <![CDATA[31]]>
              </value>
            </param>
            <param index="3">
              <value>
                <![CDATA[Adhish]]>
              </value>
            </param>
            <param index="4">
              <value>
                <![CDATA[23]]>
              </value>
            </param>
            <param index="5">
              <value>
                <![CDATA[test@test.com]]>
              </value>
            </param>
            <param index="6">
              <value>
                <![CDATA[9876543210]]>
              </value>
            </param>
          </params>
          <reporter-output>
          </reporter-output>
        </test-method> <!-- redBusTicketBooking -->
        <test-method signature="redBusTicketBooking(java.lang.String,java.lang.String,java.lang.String,java.lang.String,java.lang.String,java.lang.String,java.lang.String)[pri:0, instance:Redbus@47faa49c]" started-at="2024-07-28T15:43:02 IST" name="redBusTicketBooking" data-provider="getData" finished-at="2024-07-28T15:43:51 IST" duration-ms="48866" status="PASS">
          <params>
            <param index="0">
              <value>
                <![CDATA[Bangalore]]>
              </value>
            </param>
            <param index="1">
              <value>
                <![CDATA[Delhi]]>
              </value>
            </param>
            <param index="2">
              <value>
                <![CDATA[31]]>
              </value>
            </param>
            <param index="3">
              <value>
                <![CDATA[Sheik]]>
              </value>
            </param>
            <param index="4">
              <value>
                <![CDATA[26]]>
              </value>
            </param>
            <param index="5">
              <value>
                <![CDATA[test1T@test.com]]>
              </value>
            </param>
            <param index="6">
              <value>
                <![CDATA[1234567890]]>
              </value>
            </param>
          </params>
          <reporter-output>
          </reporter-output>
        </test-method> <!-- redBusTicketBooking -->
      </class> <!-- Redbus -->
    </test> <!-- Default test -->
  </suite> <!-- Default suite -->
</testng-results>
